-------------------------------------------------------------------------------
Test set: com.massoudafrashteh.code.CustomerIntegrationTest
-------------------------------------------------------------------------------
Tests run: 6, Failures: 0, Errors: 6, Skipped: 0, Time elapsed: 75.365 s <<< FAILURE! - in com.massoudafrashteh.code.CustomerIntegrationTest
test1_delete_customer_failure(com.massoudafrashteh.code.CustomerIntegrationTest)  Time elapsed: 0.002 s  <<< ERROR!
java.lang.IllegalStateException: Failed to load ApplicationContext
Caused by: org.springframework.beans.factory.UnsatisfiedDependencyException: 
Error creating bean with name 'documentationPluginsBootstrapper' defined in URL [jar:file:/C:/Users/jaborja/.m2/repository/io/springfox/springfox-spring-web/2.8.0/springfox-spring-web-2.8.0.jar!/springfox/documentation/spring/web/plugins/DocumentationPluginsBootstrapper.class]: Unsatisfied dependency expressed through constructor parameter 1; nested exception is org.springframework.beans.factory.UnsatisfiedDependencyException: Error creating bean with name 'webMvcRequestHandlerProvider' defined in URL [jar:file:/C:/Users/jaborja/.m2/repository/io/springfox/springfox-spring-web/2.8.0/springfox-spring-web-2.8.0.jar!/springfox/documentation/spring/web/plugins/WebMvcRequestHandlerProvider.class]: Unsatisfied dependency expressed through constructor parameter 1; nested exception is org.springframework.beans.factory.BeanCreationException: Error creating bean with name 'requestMappingHandlerMapping' defined in class path resource [org/springframework/boot/autoconfigure/web/servlet/WebMvcAutoConfiguration$EnableWebMvcConfiguration.class]: Invocation of init method failed; nested exception is java.lang.IllegalStateException: Ambiguous mapping. Cannot map 'personController' method 
public reactor.core.publisher.Mono<com.massoudafrashteh.code.model.Person> com.massoudafrashteh.code.controller.PersonController.save(com.massoudafrashteh.code.model.Person)
to {[],methods=[POST]}: There is already 'actorController' bean method
public reactor.core.publisher.Mono<com.massoudafrashteh.code.model.Actor> com.massoudafrashteh.code.controller.ActorController.save(com.massoudafrashteh.code.model.Actor) mapped.
Caused by: org.springframework.beans.factory.UnsatisfiedDependencyException: 
Error creating bean with name 'webMvcRequestHandlerProvider' defined in URL [jar:file:/C:/Users/jaborja/.m2/repository/io/springfox/springfox-spring-web/2.8.0/springfox-spring-web-2.8.0.jar!/springfox/documentation/spring/web/plugins/WebMvcRequestHandlerProvider.class]: Unsatisfied dependency expressed through constructor parameter 1; nested exception is org.springframework.beans.factory.BeanCreationException: Error creating bean with name 'requestMappingHandlerMapping' defined in class path resource [org/springframework/boot/autoconfigure/web/servlet/WebMvcAutoConfiguration$EnableWebMvcConfiguration.class]: Invocation of init method failed; nested exception is java.lang.IllegalStateException: Ambiguous mapping. Cannot map 'personController' method 
public reactor.core.publisher.Mono<com.massoudafrashteh.code.model.Person> com.massoudafrashteh.code.controller.PersonController.save(com.massoudafrashteh.code.model.Person)
to {[],methods=[POST]}: There is already 'actorController' bean method
public reactor.core.publisher.Mono<com.massoudafrashteh.code.model.Actor> com.massoudafrashteh.code.controller.ActorController.save(com.massoudafrashteh.code.model.Actor) mapped.
Caused by: org.springframework.beans.factory.BeanCreationException: 
Error creating bean with name 'requestMappingHandlerMapping' defined in class path resource [org/springframework/boot/autoconfigure/web/servlet/WebMvcAutoConfiguration$EnableWebMvcConfiguration.class]: Invocation of init method failed; nested exception is java.lang.IllegalStateException: Ambiguous mapping. Cannot map 'personController' method 
public reactor.core.publisher.Mono<com.massoudafrashteh.code.model.Person> com.massoudafrashteh.code.controller.PersonController.save(com.massoudafrashteh.code.model.Person)
to {[],methods=[POST]}: There is already 'actorController' bean method
public reactor.core.publisher.Mono<com.massoudafrashteh.code.model.Actor> com.massoudafrashteh.code.controller.ActorController.save(com.massoudafrashteh.code.model.Actor) mapped.
Caused by: java.lang.IllegalStateException: 
Ambiguous mapping. Cannot map 'personController' method 
public reactor.core.publisher.Mono<com.massoudafrashteh.code.model.Person> com.massoudafrashteh.code.controller.PersonController.save(com.massoudafrashteh.code.model.Person)
to {[],methods=[POST]}: There is already 'actorController' bean method
public reactor.core.publisher.Mono<com.massoudafrashteh.code.model.Actor> com.massoudafrashteh.code.controller.ActorController.save(com.massoudafrashteh.code.model.Actor) mapped.

test2_add_customer_done(com.massoudafrashteh.code.CustomerIntegrationTest)  Time elapsed: 0 s  <<< ERROR!
java.lang.IllegalStateException: Failed to load ApplicationContext
Caused by: org.springframework.beans.factory.UnsatisfiedDependencyException: 
Error creating bean with name 'documentationPluginsBootstrapper' defined in URL [jar:file:/C:/Users/jaborja/.m2/repository/io/springfox/springfox-spring-web/2.8.0/springfox-spring-web-2.8.0.jar!/springfox/documentation/spring/web/plugins/DocumentationPluginsBootstrapper.class]: Unsatisfied dependency expressed through constructor parameter 1; nested exception is org.springframework.beans.factory.UnsatisfiedDependencyException: Error creating bean with name 'webMvcRequestHandlerProvider' defined in URL [jar:file:/C:/Users/jaborja/.m2/repository/io/springfox/springfox-spring-web/2.8.0/springfox-spring-web-2.8.0.jar!/springfox/documentation/spring/web/plugins/WebMvcRequestHandlerProvider.class]: Unsatisfied dependency expressed through constructor parameter 1; nested exception is org.springframework.beans.factory.BeanCreationException: Error creating bean with name 'requestMappingHandlerMapping' defined in class path resource [org/springframework/boot/autoconfigure/web/servlet/WebMvcAutoConfiguration$EnableWebMvcConfiguration.class]: Invocation of init method failed; nested exception is java.lang.IllegalStateException: Ambiguous mapping. Cannot map 'personController' method 
public reactor.core.publisher.Mono<com.massoudafrashteh.code.model.Person> com.massoudafrashteh.code.controller.PersonController.save(com.massoudafrashteh.code.model.Person)
to {[],methods=[POST]}: There is already 'actorController' bean method
public reactor.core.publisher.Mono<com.massoudafrashteh.code.model.Actor> com.massoudafrashteh.code.controller.ActorController.save(com.massoudafrashteh.code.model.Actor) mapped.
Caused by: org.springframework.beans.factory.UnsatisfiedDependencyException: 
Error creating bean with name 'webMvcRequestHandlerProvider' defined in URL [jar:file:/C:/Users/jaborja/.m2/repository/io/springfox/springfox-spring-web/2.8.0/springfox-spring-web-2.8.0.jar!/springfox/documentation/spring/web/plugins/WebMvcRequestHandlerProvider.class]: Unsatisfied dependency expressed through constructor parameter 1; nested exception is org.springframework.beans.factory.BeanCreationException: Error creating bean with name 'requestMappingHandlerMapping' defined in class path resource [org/springframework/boot/autoconfigure/web/servlet/WebMvcAutoConfiguration$EnableWebMvcConfiguration.class]: Invocation of init method failed; nested exception is java.lang.IllegalStateException: Ambiguous mapping. Cannot map 'personController' method 
public reactor.core.publisher.Mono<com.massoudafrashteh.code.model.Person> com.massoudafrashteh.code.controller.PersonController.save(com.massoudafrashteh.code.model.Person)
to {[],methods=[POST]}: There is already 'actorController' bean method
public reactor.core.publisher.Mono<com.massoudafrashteh.code.model.Actor> com.massoudafrashteh.code.controller.ActorController.save(com.massoudafrashteh.code.model.Actor) mapped.
Caused by: org.springframework.beans.factory.BeanCreationException: 
Error creating bean with name 'requestMappingHandlerMapping' defined in class path resource [org/springframework/boot/autoconfigure/web/servlet/WebMvcAutoConfiguration$EnableWebMvcConfiguration.class]: Invocation of init method failed; nested exception is java.lang.IllegalStateException: Ambiguous mapping. Cannot map 'personController' method 
public reactor.core.publisher.Mono<com.massoudafrashteh.code.model.Person> com.massoudafrashteh.code.controller.PersonController.save(com.massoudafrashteh.code.model.Person)
to {[],methods=[POST]}: There is already 'actorController' bean method
public reactor.core.publisher.Mono<com.massoudafrashteh.code.model.Actor> com.massoudafrashteh.code.controller.ActorController.save(com.massoudafrashteh.code.model.Actor) mapped.
Caused by: java.lang.IllegalStateException: 
Ambiguous mapping. Cannot map 'personController' method 
public reactor.core.publisher.Mono<com.massoudafrashteh.code.model.Person> com.massoudafrashteh.code.controller.PersonController.save(com.massoudafrashteh.code.model.Person)
to {[],methods=[POST]}: There is already 'actorController' bean method
public reactor.core.publisher.Mono<com.massoudafrashteh.code.model.Actor> com.massoudafrashteh.code.controller.ActorController.save(com.massoudafrashteh.code.model.Actor) mapped.

test3_find_customer_done(com.massoudafrashteh.code.CustomerIntegrationTest)  Time elapsed: 0.001 s  <<< ERROR!
java.lang.IllegalStateException: Failed to load ApplicationContext
Caused by: org.springframework.beans.factory.UnsatisfiedDependencyException: 
Error creating bean with name 'documentationPluginsBootstrapper' defined in URL [jar:file:/C:/Users/jaborja/.m2/repository/io/springfox/springfox-spring-web/2.8.0/springfox-spring-web-2.8.0.jar!/springfox/documentation/spring/web/plugins/DocumentationPluginsBootstrapper.class]: Unsatisfied dependency expressed through constructor parameter 1; nested exception is org.springframework.beans.factory.UnsatisfiedDependencyException: Error creating bean with name 'webMvcRequestHandlerProvider' defined in URL [jar:file:/C:/Users/jaborja/.m2/repository/io/springfox/springfox-spring-web/2.8.0/springfox-spring-web-2.8.0.jar!/springfox/documentation/spring/web/plugins/WebMvcRequestHandlerProvider.class]: Unsatisfied dependency expressed through constructor parameter 1; nested exception is org.springframework.beans.factory.BeanCreationException: Error creating bean with name 'requestMappingHandlerMapping' defined in class path resource [org/springframework/boot/autoconfigure/web/servlet/WebMvcAutoConfiguration$EnableWebMvcConfiguration.class]: Invocation of init method failed; nested exception is java.lang.IllegalStateException: Ambiguous mapping. Cannot map 'personController' method 
public reactor.core.publisher.Mono<com.massoudafrashteh.code.model.Person> com.massoudafrashteh.code.controller.PersonController.save(com.massoudafrashteh.code.model.Person)
to {[],methods=[POST]}: There is already 'actorController' bean method
public reactor.core.publisher.Mono<com.massoudafrashteh.code.model.Actor> com.massoudafrashteh.code.controller.ActorController.save(com.massoudafrashteh.code.model.Actor) mapped.
Caused by: org.springframework.beans.factory.UnsatisfiedDependencyException: 
Error creating bean with name 'webMvcRequestHandlerProvider' defined in URL [jar:file:/C:/Users/jaborja/.m2/repository/io/springfox/springfox-spring-web/2.8.0/springfox-spring-web-2.8.0.jar!/springfox/documentation/spring/web/plugins/WebMvcRequestHandlerProvider.class]: Unsatisfied dependency expressed through constructor parameter 1; nested exception is org.springframework.beans.factory.BeanCreationException: Error creating bean with name 'requestMappingHandlerMapping' defined in class path resource [org/springframework/boot/autoconfigure/web/servlet/WebMvcAutoConfiguration$EnableWebMvcConfiguration.class]: Invocation of init method failed; nested exception is java.lang.IllegalStateException: Ambiguous mapping. Cannot map 'personController' method 
public reactor.core.publisher.Mono<com.massoudafrashteh.code.model.Person> com.massoudafrashteh.code.controller.PersonController.save(com.massoudafrashteh.code.model.Person)
to {[],methods=[POST]}: There is already 'actorController' bean method
public reactor.core.publisher.Mono<com.massoudafrashteh.code.model.Actor> com.massoudafrashteh.code.controller.ActorController.save(com.massoudafrashteh.code.model.Actor) mapped.
Caused by: org.springframework.beans.factory.BeanCreationException: 
Error creating bean with name 'requestMappingHandlerMapping' defined in class path resource [org/springframework/boot/autoconfigure/web/servlet/WebMvcAutoConfiguration$EnableWebMvcConfiguration.class]: Invocation of init method failed; nested exception is java.lang.IllegalStateException: Ambiguous mapping. Cannot map 'personController' method 
public reactor.core.publisher.Mono<com.massoudafrashteh.code.model.Person> com.massoudafrashteh.code.controller.PersonController.save(com.massoudafrashteh.code.model.Person)
to {[],methods=[POST]}: There is already 'actorController' bean method
public reactor.core.publisher.Mono<com.massoudafrashteh.code.model.Actor> com.massoudafrashteh.code.controller.ActorController.save(com.massoudafrashteh.code.model.Actor) mapped.
Caused by: java.lang.IllegalStateException: 
Ambiguous mapping. Cannot map 'personController' method 
public reactor.core.publisher.Mono<com.massoudafrashteh.code.model.Person> com.massoudafrashteh.code.controller.PersonController.save(com.massoudafrashteh.code.model.Person)
to {[],methods=[POST]}: There is already 'actorController' bean method
public reactor.core.publisher.Mono<com.massoudafrashteh.code.model.Actor> com.massoudafrashteh.code.controller.ActorController.save(com.massoudafrashteh.code.model.Actor) mapped.

test4_findAll_customer_done(com.massoudafrashteh.code.CustomerIntegrationTest)  Time elapsed: 0 s  <<< ERROR!
java.lang.IllegalStateException: Failed to load ApplicationContext
Caused by: org.springframework.beans.factory.UnsatisfiedDependencyException: 
Error creating bean with name 'documentationPluginsBootstrapper' defined in URL [jar:file:/C:/Users/jaborja/.m2/repository/io/springfox/springfox-spring-web/2.8.0/springfox-spring-web-2.8.0.jar!/springfox/documentation/spring/web/plugins/DocumentationPluginsBootstrapper.class]: Unsatisfied dependency expressed through constructor parameter 1; nested exception is org.springframework.beans.factory.UnsatisfiedDependencyException: Error creating bean with name 'webMvcRequestHandlerProvider' defined in URL [jar:file:/C:/Users/jaborja/.m2/repository/io/springfox/springfox-spring-web/2.8.0/springfox-spring-web-2.8.0.jar!/springfox/documentation/spring/web/plugins/WebMvcRequestHandlerProvider.class]: Unsatisfied dependency expressed through constructor parameter 1; nested exception is org.springframework.beans.factory.BeanCreationException: Error creating bean with name 'requestMappingHandlerMapping' defined in class path resource [org/springframework/boot/autoconfigure/web/servlet/WebMvcAutoConfiguration$EnableWebMvcConfiguration.class]: Invocation of init method failed; nested exception is java.lang.IllegalStateException: Ambiguous mapping. Cannot map 'personController' method 
public reactor.core.publisher.Mono<com.massoudafrashteh.code.model.Person> com.massoudafrashteh.code.controller.PersonController.save(com.massoudafrashteh.code.model.Person)
to {[],methods=[POST]}: There is already 'actorController' bean method
public reactor.core.publisher.Mono<com.massoudafrashteh.code.model.Actor> com.massoudafrashteh.code.controller.ActorController.save(com.massoudafrashteh.code.model.Actor) mapped.
Caused by: org.springframework.beans.factory.UnsatisfiedDependencyException: 
Error creating bean with name 'webMvcRequestHandlerProvider' defined in URL [jar:file:/C:/Users/jaborja/.m2/repository/io/springfox/springfox-spring-web/2.8.0/springfox-spring-web-2.8.0.jar!/springfox/documentation/spring/web/plugins/WebMvcRequestHandlerProvider.class]: Unsatisfied dependency expressed through constructor parameter 1; nested exception is org.springframework.beans.factory.BeanCreationException: Error creating bean with name 'requestMappingHandlerMapping' defined in class path resource [org/springframework/boot/autoconfigure/web/servlet/WebMvcAutoConfiguration$EnableWebMvcConfiguration.class]: Invocation of init method failed; nested exception is java.lang.IllegalStateException: Ambiguous mapping. Cannot map 'personController' method 
public reactor.core.publisher.Mono<com.massoudafrashteh.code.model.Person> com.massoudafrashteh.code.controller.PersonController.save(com.massoudafrashteh.code.model.Person)
to {[],methods=[POST]}: There is already 'actorController' bean method
public reactor.core.publisher.Mono<com.massoudafrashteh.code.model.Actor> com.massoudafrashteh.code.controller.ActorController.save(com.massoudafrashteh.code.model.Actor) mapped.
Caused by: org.springframework.beans.factory.BeanCreationException: 
Error creating bean with name 'requestMappingHandlerMapping' defined in class path resource [org/springframework/boot/autoconfigure/web/servlet/WebMvcAutoConfiguration$EnableWebMvcConfiguration.class]: Invocation of init method failed; nested exception is java.lang.IllegalStateException: Ambiguous mapping. Cannot map 'personController' method 
public reactor.core.publisher.Mono<com.massoudafrashteh.code.model.Person> com.massoudafrashteh.code.controller.PersonController.save(com.massoudafrashteh.code.model.Person)
to {[],methods=[POST]}: There is already 'actorController' bean method
public reactor.core.publisher.Mono<com.massoudafrashteh.code.model.Actor> com.massoudafrashteh.code.controller.ActorController.save(com.massoudafrashteh.code.model.Actor) mapped.
Caused by: java.lang.IllegalStateException: 
Ambiguous mapping. Cannot map 'personController' method 
public reactor.core.publisher.Mono<com.massoudafrashteh.code.model.Person> com.massoudafrashteh.code.controller.PersonController.save(com.massoudafrashteh.code.model.Person)
to {[],methods=[POST]}: There is already 'actorController' bean method
public reactor.core.publisher.Mono<com.massoudafrashteh.code.model.Actor> com.massoudafrashteh.code.controller.ActorController.save(com.massoudafrashteh.code.model.Actor) mapped.

test5_delete_customer_done(com.massoudafrashteh.code.CustomerIntegrationTest)  Time elapsed: 0.001 s  <<< ERROR!
java.lang.IllegalStateException: Failed to load ApplicationContext
Caused by: org.springframework.beans.factory.UnsatisfiedDependencyException: 
Error creating bean with name 'documentationPluginsBootstrapper' defined in URL [jar:file:/C:/Users/jaborja/.m2/repository/io/springfox/springfox-spring-web/2.8.0/springfox-spring-web-2.8.0.jar!/springfox/documentation/spring/web/plugins/DocumentationPluginsBootstrapper.class]: Unsatisfied dependency expressed through constructor parameter 1; nested exception is org.springframework.beans.factory.UnsatisfiedDependencyException: Error creating bean with name 'webMvcRequestHandlerProvider' defined in URL [jar:file:/C:/Users/jaborja/.m2/repository/io/springfox/springfox-spring-web/2.8.0/springfox-spring-web-2.8.0.jar!/springfox/documentation/spring/web/plugins/WebMvcRequestHandlerProvider.class]: Unsatisfied dependency expressed through constructor parameter 1; nested exception is org.springframework.beans.factory.BeanCreationException: Error creating bean with name 'requestMappingHandlerMapping' defined in class path resource [org/springframework/boot/autoconfigure/web/servlet/WebMvcAutoConfiguration$EnableWebMvcConfiguration.class]: Invocation of init method failed; nested exception is java.lang.IllegalStateException: Ambiguous mapping. Cannot map 'personController' method 
public reactor.core.publisher.Mono<com.massoudafrashteh.code.model.Person> com.massoudafrashteh.code.controller.PersonController.save(com.massoudafrashteh.code.model.Person)
to {[],methods=[POST]}: There is already 'actorController' bean method
public reactor.core.publisher.Mono<com.massoudafrashteh.code.model.Actor> com.massoudafrashteh.code.controller.ActorController.save(com.massoudafrashteh.code.model.Actor) mapped.
Caused by: org.springframework.beans.factory.UnsatisfiedDependencyException: 
Error creating bean with name 'webMvcRequestHandlerProvider' defined in URL [jar:file:/C:/Users/jaborja/.m2/repository/io/springfox/springfox-spring-web/2.8.0/springfox-spring-web-2.8.0.jar!/springfox/documentation/spring/web/plugins/WebMvcRequestHandlerProvider.class]: Unsatisfied dependency expressed through constructor parameter 1; nested exception is org.springframework.beans.factory.BeanCreationException: Error creating bean with name 'requestMappingHandlerMapping' defined in class path resource [org/springframework/boot/autoconfigure/web/servlet/WebMvcAutoConfiguration$EnableWebMvcConfiguration.class]: Invocation of init method failed; nested exception is java.lang.IllegalStateException: Ambiguous mapping. Cannot map 'personController' method 
public reactor.core.publisher.Mono<com.massoudafrashteh.code.model.Person> com.massoudafrashteh.code.controller.PersonController.save(com.massoudafrashteh.code.model.Person)
to {[],methods=[POST]}: There is already 'actorController' bean method
public reactor.core.publisher.Mono<com.massoudafrashteh.code.model.Actor> com.massoudafrashteh.code.controller.ActorController.save(com.massoudafrashteh.code.model.Actor) mapped.
Caused by: org.springframework.beans.factory.BeanCreationException: 
Error creating bean with name 'requestMappingHandlerMapping' defined in class path resource [org/springframework/boot/autoconfigure/web/servlet/WebMvcAutoConfiguration$EnableWebMvcConfiguration.class]: Invocation of init method failed; nested exception is java.lang.IllegalStateException: Ambiguous mapping. Cannot map 'personController' method 
public reactor.core.publisher.Mono<com.massoudafrashteh.code.model.Person> com.massoudafrashteh.code.controller.PersonController.save(com.massoudafrashteh.code.model.Person)
to {[],methods=[POST]}: There is already 'actorController' bean method
public reactor.core.publisher.Mono<com.massoudafrashteh.code.model.Actor> com.massoudafrashteh.code.controller.ActorController.save(com.massoudafrashteh.code.model.Actor) mapped.
Caused by: java.lang.IllegalStateException: 
Ambiguous mapping. Cannot map 'personController' method 
public reactor.core.publisher.Mono<com.massoudafrashteh.code.model.Person> com.massoudafrashteh.code.controller.PersonController.save(com.massoudafrashteh.code.model.Person)
to {[],methods=[POST]}: There is already 'actorController' bean method
public reactor.core.publisher.Mono<com.massoudafrashteh.code.model.Actor> com.massoudafrashteh.code.controller.ActorController.save(com.massoudafrashteh.code.model.Actor) mapped.

test6_find_customer_failure(com.massoudafrashteh.code.CustomerIntegrationTest)  Time elapsed: 0.001 s  <<< ERROR!
java.lang.IllegalStateException: Failed to load ApplicationContext
Caused by: org.springframework.beans.factory.UnsatisfiedDependencyException: 
Error creating bean with name 'documentationPluginsBootstrapper' defined in URL [jar:file:/C:/Users/jaborja/.m2/repository/io/springfox/springfox-spring-web/2.8.0/springfox-spring-web-2.8.0.jar!/springfox/documentation/spring/web/plugins/DocumentationPluginsBootstrapper.class]: Unsatisfied dependency expressed through constructor parameter 1; nested exception is org.springframework.beans.factory.UnsatisfiedDependencyException: Error creating bean with name 'webMvcRequestHandlerProvider' defined in URL [jar:file:/C:/Users/jaborja/.m2/repository/io/springfox/springfox-spring-web/2.8.0/springfox-spring-web-2.8.0.jar!/springfox/documentation/spring/web/plugins/WebMvcRequestHandlerProvider.class]: Unsatisfied dependency expressed through constructor parameter 1; nested exception is org.springframework.beans.factory.BeanCreationException: Error creating bean with name 'requestMappingHandlerMapping' defined in class path resource [org/springframework/boot/autoconfigure/web/servlet/WebMvcAutoConfiguration$EnableWebMvcConfiguration.class]: Invocation of init method failed; nested exception is java.lang.IllegalStateException: Ambiguous mapping. Cannot map 'personController' method 
public reactor.core.publisher.Mono<com.massoudafrashteh.code.model.Person> com.massoudafrashteh.code.controller.PersonController.save(com.massoudafrashteh.code.model.Person)
to {[],methods=[POST]}: There is already 'actorController' bean method
public reactor.core.publisher.Mono<com.massoudafrashteh.code.model.Actor> com.massoudafrashteh.code.controller.ActorController.save(com.massoudafrashteh.code.model.Actor) mapped.
Caused by: org.springframework.beans.factory.UnsatisfiedDependencyException: 
Error creating bean with name 'webMvcRequestHandlerProvider' defined in URL [jar:file:/C:/Users/jaborja/.m2/repository/io/springfox/springfox-spring-web/2.8.0/springfox-spring-web-2.8.0.jar!/springfox/documentation/spring/web/plugins/WebMvcRequestHandlerProvider.class]: Unsatisfied dependency expressed through constructor parameter 1; nested exception is org.springframework.beans.factory.BeanCreationException: Error creating bean with name 'requestMappingHandlerMapping' defined in class path resource [org/springframework/boot/autoconfigure/web/servlet/WebMvcAutoConfiguration$EnableWebMvcConfiguration.class]: Invocation of init method failed; nested exception is java.lang.IllegalStateException: Ambiguous mapping. Cannot map 'personController' method 
public reactor.core.publisher.Mono<com.massoudafrashteh.code.model.Person> com.massoudafrashteh.code.controller.PersonController.save(com.massoudafrashteh.code.model.Person)
to {[],methods=[POST]}: There is already 'actorController' bean method
public reactor.core.publisher.Mono<com.massoudafrashteh.code.model.Actor> com.massoudafrashteh.code.controller.ActorController.save(com.massoudafrashteh.code.model.Actor) mapped.
Caused by: org.springframework.beans.factory.BeanCreationException: 
Error creating bean with name 'requestMappingHandlerMapping' defined in class path resource [org/springframework/boot/autoconfigure/web/servlet/WebMvcAutoConfiguration$EnableWebMvcConfiguration.class]: Invocation of init method failed; nested exception is java.lang.IllegalStateException: Ambiguous mapping. Cannot map 'personController' method 
public reactor.core.publisher.Mono<com.massoudafrashteh.code.model.Person> com.massoudafrashteh.code.controller.PersonController.save(com.massoudafrashteh.code.model.Person)
to {[],methods=[POST]}: There is already 'actorController' bean method
public reactor.core.publisher.Mono<com.massoudafrashteh.code.model.Actor> com.massoudafrashteh.code.controller.ActorController.save(com.massoudafrashteh.code.model.Actor) mapped.
Caused by: java.lang.IllegalStateException: 
Ambiguous mapping. Cannot map 'personController' method 
public reactor.core.publisher.Mono<com.massoudafrashteh.code.model.Person> com.massoudafrashteh.code.controller.PersonController.save(com.massoudafrashteh.code.model.Person)
to {[],methods=[POST]}: There is already 'actorController' bean method
public reactor.core.publisher.Mono<com.massoudafrashteh.code.model.Actor> com.massoudafrashteh.code.controller.ActorController.save(com.massoudafrashteh.code.model.Actor) mapped.

