<?xml version="1.0" encoding="UTF-8"?>
<testsuite xmlns:xsi="http://www.w3.org/2001/XMLSchema-instance" xsi:noNamespaceSchemaLocation="https://maven.apache.org/surefire/maven-surefire-plugin/xsd/surefire-test-report.xsd" name="com.massoudafrashteh.code.CustomerIntegrationTest" time="16.668" tests="6" errors="0" skipped="0" failures="0">
  <properties>
[...]
</properties>
  <testcase name="test1_delete_customer_failure" classname="com.massoudafrashteh.code.CustomerIntegrationTest" time="2.071"/>
  <testcase name="test2_add_customer_done" classname="com.massoudafrashteh.code.CustomerIntegrationTest" time="0"/>
  <testcase name="test3_find_customer_done" classname="com.massoudafrashteh.code.CustomerIntegrationTest" time="0"/>
  <testcase name="test4_findAll_customer_done" classname="com.massoudafrashteh.code.CustomerIntegrationTest" time="0.072"/>
  <testcase name="test5_delete_customer_done" classname="com.massoudafrashteh.code.CustomerIntegrationTest" time="0.037"/>
  <testcase name="test6_find_customer_failure" classname="com.massoudafrashteh.code.CustomerIntegrationTest" time="0.527"/>
</testsuite>